# JRE version: Java(TM) SE Runtime Environment (8.0_202-b08) (build 1.8.0_202-b08)
# Java VM: Java HotSpot(TM) 64-Bit Server VM (25.202-b08 mixed mode windows-amd64 compressed oops)
Heap:
 PSYoungGen      total 150016K, used 18914K [0x00000000f5580000, 0x0000000100000000, 0x0000000100000000)
  eden space 128000K, 11% used [0x00000000f5580000,0x00000000f63a4910,0x00000000fd280000)
  from space 22016K, 20% used [0x00000000fd280000,0x00000000fd6d4050,0x00000000fe800000)
  to   space 21504K, 0% used [0x00000000feb00000,0x00000000feb00000,0x0000000100000000)
 ParOldGen       total 349696K, used 274389K [0x00000000e0000000, 0x00000000f5580000, 0x00000000f5580000)
  object space 349696K, 78% used [0x00000000e0000000,0x00000000f0bf5408,0x00000000f5580000)
 Metaspace       used 151744K, capacity 161817K, committed 170240K, reserved 1198080K
  class space    used 19092K, capacity 20732K, committed 22016K, reserved 1048576K
GC Heap History (10 events):
Event: 12886.744 GC heap before
{Heap before GC invocations=292 (full 7):
 PSYoungGen      total 144384K, used 131827K [0x00000000f5580000, 0x00000000ffc80000, 0x0000000100000000)
  eden space 121856K, 99% used [0x00000000f5580000,0x00000000fcc7ec58,0x00000000fcc80000)
  from space 22528K, 44% used [0x00000000fe680000,0x00000000ff03e330,0x00000000ffc80000)
  to   space 24576K, 0% used [0x00000000fcc80000,0x00000000fcc80000,0x00000000fe480000)
 ParOldGen       total 349696K, used 264731K [0x00000000e0000000, 0x00000000f5580000, 0x00000000f5580000)
  object space 349696K, 75% used [0x00000000e0000000,0x00000000f0286dc0,0x00000000f5580000)
 Metaspace       used 151515K, capacity 161529K, committed 170240K, reserved 1198080K
  class space    used 19087K, capacity 20726K, committed 22016K, reserved 1048576K
Event: 12886.765 GC heap after
Heap after GC invocations=292 (full 7):
 PSYoungGen      total 146432K, used 5093K [0x00000000f5580000, 0x0000000100000000, 0x0000000100000000)
  eden space 121856K, 0% used [0x00000000f5580000,0x00000000f5580000,0x00000000fcc80000)
  from space 24576K, 20% used [0x00000000fcc80000,0x00000000fd1797f0,0x00000000fe480000)
  to   space 24064K, 0% used [0x00000000fe880000,0x00000000fe880000,0x0000000100000000)
 ParOldGen       total 349696K, used 266934K [0x00000000e0000000, 0x00000000f5580000, 0x00000000f5580000)
  object space 349696K, 76% used [0x00000000e0000000,0x00000000f04ad808,0x00000000f5580000)
 Metaspace       used 151515K, capacity 161529K, committed 170240K, reserved 1198080K
  class space    used 19087K, capacity 20726K, committed 22016K, reserved 1048576K
}
Event: 12887.414 GC heap before
{Heap before GC invocations=293 (full 7):
 PSYoungGen      total 146432K, used 126949K [0x00000000f5580000, 0x0000000100000000, 0x0000000100000000)
  eden space 121856K, 100% used [0x00000000f5580000,0x00000000fcc80000,0x00000000fcc80000)
  from space 24576K, 20% used [0x00000000fcc80000,0x00000000fd1797f0,0x00000000fe480000)
  to   space 24064K, 0% used [0x00000000fe880000,0x00000000fe880000,0x0000000100000000)
 ParOldGen       total 349696K, used 266934K [0x00000000e0000000, 0x00000000f5580000, 0x00000000f5580000)
  object space 349696K, 76% used [0x00000000e0000000,0x00000000f04ad808,0x00000000f5580000)
 Metaspace       used 151524K, capacity 161529K, committed 170240K, reserved 1198080K
  class space    used 19087K, capacity 20726K, committed 22016K, reserved 1048576K
Event: 12887.435 GC heap after
Heap after GC invocations=293 (full 7):
 PSYoungGen      total 148480K, used 3584K [0x00000000f5580000, 0x00000000ffe80000, 0x0000000100000000)
  eden space 125952K, 0% used [0x00000000f5580000,0x00000000f5580000,0x00000000fd080000)
  from space 22528K, 15% used [0x00000000fe880000,0x00000000fec00020,0x00000000ffe80000)
  to   space 23552K, 0% used [0x00000000fd080000,0x00000000fd080000,0x00000000fe780000)
 ParOldGen       total 349696K, used 269693K [0x00000000e0000000, 0x00000000f5580000, 0x00000000f5580000)
  object space 349696K, 77% used [0x00000000e0000000,0x00000000f075f6c0,0x00000000f5580000)
 Metaspace       used 151524K, capacity 161529K, committed 170240K, reserved 1198080K
  class space    used 19087K, capacity 20726K, committed 22016K, reserved 1048576K
}
Event: 12960.581 GC heap before
{Heap before GC invocations=294 (full 7):
 PSYoungGen      total 148480K, used 129536K [0x00000000f5580000, 0x00000000ffe80000, 0x0000000100000000)
  eden space 125952K, 100% used [0x00000000f5580000,0x00000000fd080000,0x00000000fd080000)
  from space 22528K, 15% used [0x00000000fe880000,0x00000000fec00020,0x00000000ffe80000)
  to   space 23552K, 0% used [0x00000000fd080000,0x00000000fd080000,0x00000000fe780000)
 ParOldGen       total 349696K, used 269693K [0x00000000e0000000, 0x00000000f5580000, 0x00000000f5580000)
  object space 349696K, 77% used [0x00000000e0000000,0x00000000f075f6c0,0x00000000f5580000)
 Metaspace       used 151620K, capacity 161609K, committed 170240K, reserved 1198080K
  class space    used 19088K, capacity 20728K, committed 22016K, reserved 1048576K
Event: 12960.609 GC heap after
Heap after GC invocations=294 (full 7):
 PSYoungGen      total 149504K, used 3732K [0x00000000f5580000, 0x0000000100000000, 0x0000000100000000)
  eden space 125952K, 0% used [0x00000000f5580000,0x00000000f5580000,0x00000000fd080000)
  from space 23552K, 15% used [0x00000000fd080000,0x00000000fd4251a0,0x00000000fe780000)
  to   space 23040K, 0% used [0x00000000fe980000,0x00000000fe980000,0x0000000100000000)
 ParOldGen       total 349696K, used 272181K [0x00000000e0000000, 0x00000000f5580000, 0x00000000f5580000)
  object space 349696K, 77% used [0x00000000e0000000,0x00000000f09cd6f0,0x00000000f5580000)
 Metaspace       used 151620K, capacity 161609K, committed 170240K, reserved 1198080K
  class space    used 19088K, capacity 20728K, committed 22016K, reserved 1048576K
}
Event: 12961.691 GC heap before
{Heap before GC invocations=295 (full 7):
 PSYoungGen      total 149504K, used 129684K [0x00000000f5580000, 0x0000000100000000, 0x0000000100000000)
  eden space 125952K, 100% used [0x00000000f5580000,0x00000000fd080000,0x00000000fd080000)
  from space 23552K, 15% used [0x00000000fd080000,0x00000000fd4251a0,0x00000000fe780000)
  to   space 23040K, 0% used [0x00000000fe980000,0x00000000fe980000,0x0000000100000000)
 ParOldGen       total 349696K, used 272181K [0x00000000e0000000, 0x00000000f5580000, 0x00000000f5580000)
  object space 349696K, 77% used [0x00000000e0000000,0x00000000f09cd6f0,0x00000000f5580000)
 Metaspace       used 151732K, capacity 161817K, committed 170240K, reserved 1198080K
  class space    used 19092K, capacity 20732K, committed 22016K, reserved 1048576K
Event: 12961.708 GC heap after
Heap after GC invocations=295 (full 7):
 PSYoungGen      total 148480K, used 5608K [0x00000000f5580000, 0x00000000ffd80000, 0x0000000100000000)
  eden space 128000K, 0% used [0x00000000f5580000,0x00000000f5580000,0x00000000fd280000)
  from space 20480K, 27% used [0x00000000fe980000,0x00000000feefa300,0x00000000ffd80000)
  to   space 22016K, 0% used [0x00000000fd280000,0x00000000fd280000,0x00000000fe800000)
 ParOldGen       total 349696K, used 273292K [0x00000000e0000000, 0x00000000f5580000, 0x00000000f5580000)
  object space 349696K, 78% used [0x00000000e0000000,0x00000000f0ae3238,0x00000000f5580000)
 Metaspace       used 151732K, capacity 161817K, committed 170240K, reserved 1198080K
  class space    used 19092K, capacity 20732K, committed 22016K, reserved 1048576K
}
Event: 12962.371 GC heap before
{Heap before GC invocations=296 (full 7):
 PSYoungGen      total 148480K, used 133608K [0x00000000f5580000, 0x00000000ffd80000, 0x0000000100000000)
  eden space 128000K, 100% used [0x00000000f5580000,0x00000000fd280000,0x00000000fd280000)
  from space 20480K, 27% used [0x00000000fe980000,0x00000000feefa300,0x00000000ffd80000)
  to   space 22016K, 0% used [0x00000000fd280000,0x00000000fd280000,0x00000000fe800000)
 ParOldGen       total 349696K, used 273292K [0x00000000e0000000, 0x00000000f5580000, 0x00000000f5580000)
  object space 349696K, 78% used [0x00000000e0000000,0x00000000f0ae3238,0x00000000f5580000)
 Metaspace       used 151735K, capacity 161817K, committed 170240K, reserved 1198080K
  class space    used 19092K, capacity 20732K, committed 22016K, reserved 1048576K
Event: 12962.384 GC heap after
Heap after GC invocations=296 (full 7):
 PSYoungGen      total 150016K, used 4432K [0x00000000f5580000, 0x0000000100000000, 0x0000000100000000)
  eden space 128000K, 0% used [0x00000000f5580000,0x00000000f5580000,0x00000000fd280000)
  from space 22016K, 20% used [0x00000000fd280000,0x00000000fd6d4050,0x00000000fe800000)
  to   space 21504K, 0% used [0x00000000feb00000,0x00000000feb00000,0x0000000100000000)
 ParOldGen       total 349696K, used 274389K [0x00000000e0000000, 0x00000000f5580000, 0x00000000f5580000)
  object space 349696K, 78% used [0x00000000e0000000,0x00000000f0bf5408,0x00000000f5580000)
 Metaspace       used 151735K, capacity 161817K, committed 170240K, reserved 1198080K
  class space    used 19092K, capacity 20732K, committed 22016K, reserved 1048576K
}

