# JRE version: Java(TM) SE Runtime Environment (8.0_202-b08) (build 1.8.0_202-b08)
# Java VM: Java HotSpot(TM) 64-Bit Server VM (25.202-b08 mixed mode windows-amd64 compressed oops)
Heap:
 PSYoungGen      total 163840K, used 78870K [0x00000000f5580000, 0x0000000100000000, 0x0000000100000000)
  eden space 154112K, 44% used [0x00000000f5580000,0x00000000f9907230,0x00000000fec00000)
  from space 9728K, 99% used [0x00000000fec00000,0x00000000ff57e710,0x00000000ff580000)
  to   space 10752K, 0% used [0x00000000ff580000,0x00000000ff580000,0x0000000100000000)
 ParOldGen       total 349696K, used 277580K [0x00000000e0000000, 0x00000000f5580000, 0x00000000f5580000)
  object space 349696K, 79% used [0x00000000e0000000,0x00000000f0f13008,0x00000000f5580000)
 Metaspace       used 154548K, capacity 165415K, committed 165504K, reserved 1193984K
  class space    used 19474K, capacity 21316K, committed 21376K, reserved 1048576K
GC Heap History (10 events):
Event: 979.313 GC heap before
{Heap before GC invocations=174 (full 8):
 PSYoungGen      total 162816K, used 156208K [0x00000000f5580000, 0x00000000fff80000, 0x0000000100000000)
  eden space 152064K, 100% used [0x00000000f5580000,0x00000000fea00000,0x00000000fea00000)
  from space 10752K, 38% used [0x00000000ff480000,0x00000000ff88c030,0x00000000fff00000)
  to   space 10752K, 0% used [0x00000000fea00000,0x00000000fea00000,0x00000000ff480000)
 ParOldGen       total 349696K, used 250368K [0x00000000e0000000, 0x00000000f5580000, 0x00000000f5580000)
  object space 349696K, 71% used [0x00000000e0000000,0x00000000ef4803d8,0x00000000f5580000)
 Metaspace       used 148850K, capacity 159357K, committed 159872K, reserved 1187840K
  class space    used 18716K, capacity 20465K, committed 20608K, reserved 1048576K
Event: 979.321 GC heap after
Heap after GC invocations=174 (full 8):
 PSYoungGen      total 162816K, used 4576K [0x00000000f5580000, 0x00000000fff00000, 0x0000000100000000)
  eden space 152064K, 0% used [0x00000000f5580000,0x00000000f5580000,0x00000000fea00000)
  from space 10752K, 42% used [0x00000000fea00000,0x00000000fee78030,0x00000000ff480000)
  to   space 10240K, 0% used [0x00000000ff500000,0x00000000ff500000,0x00000000fff00000)
 ParOldGen       total 349696K, used 251917K [0x00000000e0000000, 0x00000000f5580000, 0x00000000f5580000)
  object space 349696K, 72% used [0x00000000e0000000,0x00000000ef603458,0x00000000f5580000)
 Metaspace       used 148850K, capacity 159357K, committed 159872K, reserved 1187840K
  class space    used 18716K, capacity 20465K, committed 20608K, reserved 1048576K
}
Event: 979.512 GC heap before
{Heap before GC invocations=175 (full 8):
 PSYoungGen      total 162816K, used 156640K [0x00000000f5580000, 0x00000000fff00000, 0x0000000100000000)
  eden space 152064K, 100% used [0x00000000f5580000,0x00000000fea00000,0x00000000fea00000)
  from space 10752K, 42% used [0x00000000fea00000,0x00000000fee78030,0x00000000ff480000)
  to   space 10240K, 0% used [0x00000000ff500000,0x00000000ff500000,0x00000000fff00000)
 ParOldGen       total 349696K, used 251923K [0x00000000e0000000, 0x00000000f5580000, 0x00000000f5580000)
  object space 349696K, 72% used [0x00000000e0000000,0x00000000ef604f20,0x00000000f5580000)
 Metaspace       used 148850K, capacity 159357K, committed 159872K, reserved 1187840K
  class space    used 18716K, capacity 20465K, committed 20608K, reserved 1048576K
Event: 979.521 GC heap after
Heap after GC invocations=175 (full 8):
 PSYoungGen      total 163328K, used 3904K [0x00000000f5580000, 0x00000000fff80000, 0x0000000100000000)
  eden space 153088K, 0% used [0x00000000f5580000,0x00000000f5580000,0x00000000feb00000)
  from space 10240K, 38% used [0x00000000ff500000,0x00000000ff8d0000,0x00000000fff00000)
  to   space 10240K, 0% used [0x00000000feb00000,0x00000000feb00000,0x00000000ff500000)
 ParOldGen       total 349696K, used 253912K [0x00000000e0000000, 0x00000000f5580000, 0x00000000f5580000)
  object space 349696K, 72% used [0x00000000e0000000,0x00000000ef7f61a0,0x00000000f5580000)
 Metaspace       used 148850K, capacity 159357K, committed 159872K, reserved 1187840K
  class space    used 18716K, capacity 20465K, committed 20608K, reserved 1048576K
}
Event: 979.811 GC heap before
{Heap before GC invocations=176 (full 8):
 PSYoungGen      total 163328K, used 156992K [0x00000000f5580000, 0x00000000fff80000, 0x0000000100000000)
  eden space 153088K, 100% used [0x00000000f5580000,0x00000000feb00000,0x00000000feb00000)
  from space 10240K, 38% used [0x00000000ff500000,0x00000000ff8d0000,0x00000000fff00000)
  to   space 10240K, 0% used [0x00000000feb00000,0x00000000feb00000,0x00000000ff500000)
 ParOldGen       total 349696K, used 253912K [0x00000000e0000000, 0x00000000f5580000, 0x00000000f5580000)
  object space 349696K, 72% used [0x00000000e0000000,0x00000000ef7f61a0,0x00000000f5580000)
 Metaspace       used 148850K, capacity 159357K, committed 159872K, reserved 1187840K
  class space    used 18716K, capacity 20465K, committed 20608K, reserved 1048576K
Event: 979.823 GC heap after
Heap after GC invocations=176 (full 8):
 PSYoungGen      total 163328K, used 5050K [0x00000000f5580000, 0x00000000fff00000, 0x0000000100000000)
  eden space 153088K, 0% used [0x00000000f5580000,0x00000000f5580000,0x00000000feb00000)
  from space 10240K, 49% used [0x00000000feb00000,0x00000000fefeea38,0x00000000ff500000)
  to   space 9728K, 0% used [0x00000000ff580000,0x00000000ff580000,0x00000000fff00000)
 ParOldGen       total 349696K, used 255252K [0x00000000e0000000, 0x00000000f5580000, 0x00000000f5580000)
  object space 349696K, 72% used [0x00000000e0000000,0x00000000ef9451c0,0x00000000f5580000)
 Metaspace       used 148850K, capacity 159357K, committed 159872K, reserved 1187840K
  class space    used 18716K, capacity 20465K, committed 20608K, reserved 1048576K
}
Event: 980.270 GC heap before
{Heap before GC invocations=177 (full 8):
 PSYoungGen      total 163328K, used 158138K [0x00000000f5580000, 0x00000000fff00000, 0x0000000100000000)
  eden space 153088K, 100% used [0x00000000f5580000,0x00000000feb00000,0x00000000feb00000)
  from space 10240K, 49% used [0x00000000feb00000,0x00000000fefeea38,0x00000000ff500000)
  to   space 9728K, 0% used [0x00000000ff580000,0x00000000ff580000,0x00000000fff00000)
 ParOldGen       total 349696K, used 255252K [0x00000000e0000000, 0x00000000f5580000, 0x00000000f5580000)
  object space 349696K, 72% used [0x00000000e0000000,0x00000000ef9451c0,0x00000000f5580000)
 Metaspace       used 148850K, capacity 159357K, committed 159872K, reserved 1187840K
  class space    used 18716K, capacity 20465K, committed 20608K, reserved 1048576K
Event: 980.279 GC heap after
Heap after GC invocations=177 (full 8):
 PSYoungGen      total 163840K, used 4032K [0x00000000f5580000, 0x00000000fff80000, 0x0000000100000000)
  eden space 154112K, 0% used [0x00000000f5580000,0x00000000f5580000,0x00000000fec00000)
  from space 9728K, 41% used [0x00000000ff580000,0x00000000ff970040,0x00000000fff00000)
  to   space 9728K, 0% used [0x00000000fec00000,0x00000000fec00000,0x00000000ff580000)
 ParOldGen       total 349696K, used 257810K [0x00000000e0000000, 0x00000000f5580000, 0x00000000f5580000)
  object space 349696K, 73% used [0x00000000e0000000,0x00000000efbc49c0,0x00000000f5580000)
 Metaspace       used 148850K, capacity 159357K, committed 159872K, reserved 1187840K
  class space    used 18716K, capacity 20465K, committed 20608K, reserved 1048576K
}
Event: 981.859 GC heap before
{Heap before GC invocations=178 (full 8):
 PSYoungGen      total 163840K, used 158144K [0x00000000f5580000, 0x00000000fff80000, 0x0000000100000000)
  eden space 154112K, 100% used [0x00000000f5580000,0x00000000fec00000,0x00000000fec00000)
  from space 9728K, 41% used [0x00000000ff580000,0x00000000ff970040,0x00000000fff00000)
  to   space 9728K, 0% used [0x00000000fec00000,0x00000000fec00000,0x00000000ff580000)
 ParOldGen       total 349696K, used 257810K [0x00000000e0000000, 0x00000000f5580000, 0x00000000f5580000)
  object space 349696K, 73% used [0x00000000e0000000,0x00000000efbc49c0,0x00000000f5580000)
 Metaspace       used 153769K, capacity 164493K, committed 164608K, reserved 1191936K
  class space    used 19384K, capacity 21193K, committed 21248K, reserved 1048576K
Event: 981.949 GC heap after
Heap after GC invocations=178 (full 8):
 PSYoungGen      total 163840K, used 9721K [0x00000000f5580000, 0x0000000100000000, 0x0000000100000000)
  eden space 154112K, 0% used [0x00000000f5580000,0x00000000f5580000,0x00000000fec00000)
  from space 9728K, 99% used [0x00000000fec00000,0x00000000ff57e710,0x00000000ff580000)
  to   space 10752K, 0% used [0x00000000ff580000,0x00000000ff580000,0x0000000100000000)
 ParOldGen       total 349696K, used 277580K [0x00000000e0000000, 0x00000000f5580000, 0x00000000f5580000)
  object space 349696K, 79% used [0x00000000e0000000,0x00000000f0f13008,0x00000000f5580000)
 Metaspace       used 153769K, capacity 164493K, committed 164608K, reserved 1191936K
  class space    used 19384K, capacity 21193K, committed 21248K, reserved 1048576K
}

